#
# A fatal error has been detected by the Java Runtime Environment:
#
#  SIGFPE (0x8) at pc=0x0000000113563748, pid=4028, tid=0x0000000000002403
#
# JRE version: OpenJDK Runtime Environment (8.0_192-b01) (build 1.8.0_192-b01)
# Java VM: OpenJDK 64-Bit Server VM (25.192-b01 mixed mode bsd-amd64 compressed oops)
# Problematic frame:
# j  etc.Prob1629_곱셈.main([Ljava/lang/String;)V+192
#
# Failed to write core dump. Core dumps have been disabled. To enable core dumping, try "ulimit -c unlimited" before starting Java again
#
# If you would like to submit a bug report, please visit:
#   http://www.azulsystems.com/support/
#

---------------  T H R E A D  ---------------

Current thread (0x00007fd42a809000):  JavaThread "main" [_thread_in_Java, id=9219, stack(0x000000030dffd000,0x000000030e0fd000)]

siginfo: si_signo: 8 (SIGFPE), si_code: 5 (FPE_FLTINV), si_addr: 0x0000000113563748

Registers:
RAX=0x000000000000000a, RBX=0x0000000000000070, RCX=0x0000000000000000, RDX=0x0000000000000000
RSP=0x000000030e0fc950, RBP=0x000000030e0fc9a8, RSI=0x000000030e0fc900, RDI=0x00007fd42a809000
R8 =0x0000000000000000, R9 =0x00007fd428f23a88, R10=0x00000001120a5a60, R11=0x00007fd428f23a84
R12=0x0000000000000000, R13=0x000000012bea0df1, R14=0x000000030e0fca08, R15=0x00007fd42a809000
RIP=0x0000000113563748, EFLAGS=0x0000000000000a87, ERR=0x0000000000000000
  TRAPNO=0x0000000000000000

Top of Stack: (sp=0x000000030e0fc950)
0x000000030e0fc950:   0000000000000000 000000076ac03c70
0x000000030e0fc960:   000000076ab1f9e0 000000030e0fc968
0x000000030e0fc970:   000000012bea0de8 000000030e0fca08
0x000000030e0fc980:   000000012bea1028 0000000000000000
0x000000030e0fc990:   000000012bea0ea8 0000000000000000
0x000000030e0fc9a0:   000000030e0fca08 000000030e0fca70
0x000000030e0fc9b0:   00000001135474e7 0000000000000000
0x000000030e0fc9c0:   0000000000000004 000000076ac03c70
0x000000030e0fc9d0:   0000000000000000 0000000000000000
0x000000030e0fc9e0:   000000000000000c 000000000000000a
0x000000030e0fc9f0:   0000000000000064 000000076ac037b8
0x000000030e0fca00:   000000076abfd4e8 000000076abfd318
0x000000030e0fca10:   0000000100001fa0 000000000000000a
0x000000030e0fca20:   00007fd42a809000 0000000000000001
0x000000030e0fca30:   000000011354745f 000000012bea0ea8
0x000000030e0fca40:   000000030e0fcb08 000000030e0fce90
0x000000030e0fca50:   000000010000000a 000000012bea0ea8
0x000000030e0fca60:   000000011355a340 000000030e0fcc48
0x000000030e0fca70:   000000030e0fcc20 0000000111ae29da
0x000000030e0fca80:   0000000000000001 00007fd42a809000
0x000000030e0fca90:   000000030e0fcdf0 000000030e0fce90
0x000000030e0fcaa0:   0000000000000000 000000011355a340
0x000000030e0fcab0:   0000000104eb8f37 000000030e0fcc40
0x000000030e0fcac0:   000000030e0fce88 00007fd42a809000
0x000000030e0fcad0:   00007fd42a809000 00007fd428f04440
0x000000030e0fcae0:   00007fd428f04480 00007fd428f04490
0x000000030e0fcaf0:   00007fd428f04568 00000000000000d8
0x000000030e0fcb00:   00007fd428f04170 00007fd42a809000
0x000000030e0fcb10:   00007fd428f053f0 000000012bea0ea8
0x000000030e0fcb20:   0000000000000000 0000000000000000
0x000000030e0fcb30:   0000000000000000 0000000000000000
0x000000030e0fcb40:   000000030e0fce88 0000000111aaa1dc 

Instructions: (pc=0x0000000113563748)
0x0000000113563728:   c8 8b 04 24 48 83 c4 08 81 f8 00 00 00 80 0f 85
0x0000000113563738:   0b 00 00 00 33 d2 83 f9 ff 0f 84 03 00 00 00 99
0x0000000113563748:   f7 f9 8b c2 41 0f b6 5d 01 49 ff c5 49 ba 60 5a
0x0000000113563758:   0a 12 01 00 00 00 41 ff 24 da 66 0f 1f 44 00 00 

Register to memory mapping:

RAX=0x000000000000000a is an unknown value
RBX=0x0000000000000070 is an unknown value
RCX=0x0000000000000000 is an unknown value
RDX=0x0000000000000000 is an unknown value
RSP=0x000000030e0fc950 is pointing into the stack for thread: 0x00007fd42a809000
RBP=0x000000030e0fc9a8 is pointing into the stack for thread: 0x00007fd42a809000
RSI=0x000000030e0fc900 is pointing into the stack for thread: 0x00007fd42a809000
RDI=0x00007fd42a809000 is a thread
R8 =0x0000000000000000 is an unknown value
R9 =0x00007fd428f23a88 is an unknown value
R10=0x00000001120a5a60: _ZN19TemplateInterpreter13_active_tableE+0x2000 in /Library/Java/JavaVirtualMachines/zulu-8.jdk/Contents/Home/jre/lib/server/libjvm.dylib at 0x0000000111800000
R11=0x00007fd428f23a84 is an unknown value
R12=0x0000000000000000 is an unknown value
R13=0x000000012bea0df1 is pointing into metadata
R14=0x000000030e0fca08 is pointing into the stack for thread: 0x00007fd42a809000
R15=0x00007fd42a809000 is a thread


Stack: [0x000000030dffd000,0x000000030e0fd000],  sp=0x000000030e0fc950,  free space=1022k
Native frames: (J=compiled Java code, j=interpreted, Vv=VM code, C=native code)
j  etc.Prob1629_곱셈.main([Ljava/lang/String;)V+192
v  ~StubRoutines::call_stub
V  [libjvm.dylib+0x2e29da]
V  [libjvm.dylib+0x2fd053]
V  [libjvm.dylib+0x2f5dfd]
C  [java+0x38c6]  JavaMain+0x9c4
C  [libsystem_pthread.dylib+0x6950]  _pthread_start+0xe0
C  [libsystem_pthread.dylib+0x247b]  thread_start+0xf
C  0x0000000000000000


---------------  P R O C E S S  ---------------

Java Threads: ( => current thread )
  0x00007fd42a89a800 JavaThread "Attach Listener" daemon [_thread_blocked, id=26627, stack(0x000000030f547000,0x000000030f647000)]
  0x00007fd42a887000 JavaThread "Service Thread" daemon [_thread_blocked, id=24083, stack(0x000000030f341000,0x000000030f441000)]
  0x00007fd419009800 JavaThread "C1 CompilerThread3" daemon [_thread_blocked, id=41475, stack(0x000000030f23e000,0x000000030f33e000)]
  0x00007fd42902e800 JavaThread "C2 CompilerThread2" daemon [_thread_blocked, id=41987, stack(0x000000030f13b000,0x000000030f23b000)]
  0x00007fd42a876800 JavaThread "C2 CompilerThread1" daemon [_thread_blocked, id=42243, stack(0x000000030f038000,0x000000030f138000)]
  0x00007fd409008800 JavaThread "C2 CompilerThread0" daemon [_thread_blocked, id=42755, stack(0x000000030ef35000,0x000000030f035000)]
  0x00007fd42a872800 JavaThread "Monitor Ctrl-Break" daemon [_thread_in_native, id=43079, stack(0x000000030ee32000,0x000000030ef32000)]
  0x00007fd42900f000 JavaThread "Signal Dispatcher" daemon [_thread_blocked, id=22019, stack(0x000000030ed2f000,0x000000030ee2f000)]
  0x00007fd42a013000 JavaThread "Finalizer" daemon [_thread_blocked, id=19227, stack(0x000000030eb1e000,0x000000030ec1e000)]
  0x00007fd42a012800 JavaThread "Reference Handler" daemon [_thread_blocked, id=19747, stack(0x000000030ea1b000,0x000000030eb1b000)]
=>0x00007fd42a809000 JavaThread "main" [_thread_in_Java, id=9219, stack(0x000000030dffd000,0x000000030e0fd000)]

Other Threads:
  0x00007fd42a857000 VMThread [stack: 0x000000030e918000,0x000000030ea18000] [id=14339]
  0x00007fd42a888000 WatcherThread [stack: 0x000000030f444000,0x000000030f544000] [id=24835]

VM state:not at safepoint (normal execution)

VM Mutex/Monitor currently owned by a thread: None

heap address: 0x00000006c0000000, size: 4096 MB, Compressed Oops mode: Zero based, Oop shift amount: 3
Narrow klass base: 0x0000000000000000, Narrow klass shift: 3
Compressed class space size: 1073741824 Address: 0x00000007c0000000

Heap:
 PSYoungGen      total 76288K, used 6554K [0x000000076ab00000, 0x0000000770000000, 0x00000007c0000000)
  eden space 65536K, 10% used [0x000000076ab00000,0x000000076b166830,0x000000076eb00000)
  from space 10752K, 0% used [0x000000076f580000,0x000000076f580000,0x0000000770000000)
  to   space 10752K, 0% used [0x000000076eb00000,0x000000076eb00000,0x000000076f580000)
 ParOldGen       total 175104K, used 0K [0x00000006c0000000, 0x00000006cab00000, 0x000000076ab00000)
  object space 175104K, 0% used [0x00000006c0000000,0x00000006c0000000,0x00000006cab00000)
 Metaspace       used 3532K, capacity 4500K, committed 4864K, reserved 1056768K
  class space    used 381K, capacity 388K, committed 512K, reserved 1048576K

Card table byte_map: [0x0000000122547000,0x0000000122d48000] byte_map_base: 0x000000011ef47000

Marking Bits: (ParMarkBitMap*) 0x0000000112098020
 Begin Bits: [0x000000012329e000, 0x000000012729e000)
 End Bits:   [0x000000012729e000, 0x000000012b29e000)

Polling page: 0x000000010d287000

CodeCache: size=245760Kb used=1281Kb max_used=1281Kb free=244478Kb
 bounds [0x0000000113547000, 0x00000001137b7000, 0x0000000122547000]
 total_blobs=317 nmethods=62 adapters=171
 compilation: enabled

Compilation events (10 events):
Event: 1.140 Thread 0x00007fd419009800 nmethod 57 0x00000001136728d0 code [0x0000000113672a80, 0x0000000113673198]
Event: 1.140 Thread 0x00007fd419009800   58       3       java.lang.StringBuilder::append (8 bytes)
Event: 1.140 Thread 0x00007fd419009800 nmethod 58 0x0000000113673550 code [0x00000001136736c0, 0x0000000113673848]
Event: 1.140 Thread 0x00007fd419009800   59       3       java.lang.AbstractStringBuilder::<init> (12 bytes)
Event: 1.140 Thread 0x00007fd419009800 nmethod 59 0x00000001136738d0 code [0x0000000113673a40, 0x0000000113673c90]
Event: 1.141 Thread 0x00007fd419009800   60       3       java.util.Properties::saveConvert (434 bytes)
Event: 1.146 Thread 0x00007fd419009800 nmethod 60 0x0000000113673d50 code [0x00000001136747e0, 0x000000011367e5f8]
Event: 1.146 Thread 0x00007fd419009800   61       3       java.lang.AbstractStringBuilder::newCapacity (39 bytes)
Event: 1.146 Thread 0x00007fd419009800 nmethod 61 0x0000000113687190 code [0x0000000113687320, 0x0000000113687708]
Event: 2.398 Thread 0x00007fd419009800   62       1       java.util.ArrayList::size (5 bytes)

GC Heap History (0 events):
No events

Deoptimization events (0 events):
No events

Classes redefined (0 events):
No events

Internal exceptions (8 events):
Event: 0.037 Thread 0x00007fd42a809000 Exception <a 'java/lang/NoSuchMethodError': Method sun.misc.Unsafe.defineClass(Ljava/lang/String;[BII)Ljava/lang/Class; name or signature does not match> (0x000000076ab07cb0) thrown at [/Users/tester/jenkins/workspace/zulu8-silver-build-macos/zulu-src/hot
Event: 0.037 Thread 0x00007fd42a809000 Exception <a 'java/lang/NoSuchMethodError': Method sun.misc.Unsafe.prefetchRead(Ljava/lang/Object;J)V name or signature does not match> (0x000000076ab07f98) thrown at [/Users/tester/jenkins/workspace/zulu8-silver-build-macos/zulu-src/hotspot/src/share/vm/
Event: 1.131 Thread 0x00007fd42a89a800 Exception <a 'java/security/PrivilegedActionException'> (0x000000076af54f00) thrown at [/Users/tester/jenkins/workspace/zulu8-silver-build-macos/zulu-src/hotspot/src/share/vm/prims/jvm.cpp, line 1435]
Event: 1.131 Thread 0x00007fd42a89a800 Exception <a 'java/security/PrivilegedActionException'> (0x000000076af552f8) thrown at [/Users/tester/jenkins/workspace/zulu8-silver-build-macos/zulu-src/hotspot/src/share/vm/prims/jvm.cpp, line 1435]
Event: 1.132 Thread 0x00007fd42a89a800 Exception <a 'java/security/PrivilegedActionException'> (0x000000076af57d30) thrown at [/Users/tester/jenkins/workspace/zulu8-silver-build-macos/zulu-src/hotspot/src/share/vm/prims/jvm.cpp, line 1435]
Event: 1.132 Thread 0x00007fd42a89a800 Exception <a 'java/security/PrivilegedActionException'> (0x000000076af58128) thrown at [/Users/tester/jenkins/workspace/zulu8-silver-build-macos/zulu-src/hotspot/src/share/vm/prims/jvm.cpp, line 1435]
Event: 1.132 Thread 0x00007fd42a89a800 Exception <a 'java/security/PrivilegedActionException'> (0x000000076af58fe8) thrown at [/Users/tester/jenkins/workspace/zulu8-silver-build-macos/zulu-src/hotspot/src/share/vm/prims/jvm.cpp, line 1435]
Event: 1.132 Thread 0x00007fd42a89a800 Exception <a 'java/security/PrivilegedActionException'> (0x000000076af593e0) thrown at [/Users/tester/jenkins/workspace/zulu8-silver-build-macos/zulu-src/hotspot/src/share/vm/prims/jvm.cpp, line 1435]

Events (10 events):
Event: 1.137 loading class sun/util/resources/TimeZoneNamesBundle done
Event: 1.137 loading class sun/util/resources/TimeZoneNames done
Event: 1.137 loading class java/util/ResourceBundle$BundleReference
Event: 1.137 loading class java/util/ResourceBundle$BundleReference done
Event: 1.137 loading class sun/util/resources/en/TimeZoneNames_en
Event: 1.137 loading class sun/util/resources/en/TimeZoneNames_en done
Event: 1.137 loading class java/util/LinkedHashMap$LinkedKeySet
Event: 1.137 loading class java/util/LinkedHashMap$LinkedKeySet done
Event: 1.138 loading class sun/util/locale/provider/LocaleResources$ResourceReference
Event: 1.138 loading class sun/util/locale/provider/LocaleResources$ResourceReference done


Dynamic libraries:
0x00007ffdffe23000 	/Library/Apple/usr/libexec/oah/runtime
0x00007fff35288000 	/System/Library/Frameworks/Cocoa.framework/Versions/A/Cocoa
0x00007fff22130000 	/System/Library/Frameworks/Security.framework/Versions/A/Security
0x00007fff33485000 	/System/Library/Frameworks/ApplicationServices.framework/Versions/A/ApplicationServices
0x00007fff2a5d6000 	/usr/lib/libz.1.dylib
0x00007fff2a6a2000 	/usr/lib/libSystem.B.dylib
0x00007fff201e0000 	/usr/lib/libobjc.A.dylib
0x00007fff210a3000 	/System/Library/Frameworks/Foundation.framework/Versions/C/Foundation
0x00007fff203c1000 	/System/Library/Frameworks/CoreFoundation.framework/Versions/A/CoreFoundation
0x00007fff22b57000 	/System/Library/Frameworks/AppKit.framework/Versions/C/AppKit
0x00007fff25a15000 	/System/Library/Frameworks/CoreData.framework/Versions/A/CoreData
0x00007fff238ba000 	/System/Library/PrivateFrameworks/UIFoundation.framework/Versions/A/UIFoundation
0x00007fff2fe64000 	/System/Library/PrivateFrameworks/RemoteViewServices.framework/Versions/A/RemoteViewServices
0x00007fff28bf1000 	/System/Library/PrivateFrameworks/XCTTargetBootstrap.framework/Versions/A/XCTTargetBootstrap
0x00007fff2b940000 	/usr/lib/libspindump.dylib
0x00007fff23b0f000 	/System/Library/Frameworks/UniformTypeIdentifiers.framework/Versions/A/UniformTypeIdentifiers
0x00007fff273c7000 	/usr/lib/libapp_launch_measurement.dylib
0x00007fff273ca000 	/System/Library/PrivateFrameworks/CoreAutoLayout.framework/Versions/A/CoreAutoLayout
0x00007fff28553000 	/System/Library/Frameworks/Metal.framework/Versions/A/Metal
0x00007fff29247000 	/usr/lib/liblangid.dylib
0x00007fff28bf5000 	/System/Library/PrivateFrameworks/CoreSVG.framework/Versions/A/CoreSVG
0x00007fff24af6000 	/System/Library/PrivateFrameworks/SkyLight.framework/Versions/A/SkyLight
0x00007fff24e5d000 	/System/Library/Frameworks/CoreGraphics.framework/Versions/A/CoreGraphics
0x00007fff304bb000 	/System/Library/Frameworks/Accelerate.framework/Versions/A/Accelerate
0x00007fff2b37b000 	/System/Library/PrivateFrameworks/IconServices.framework/Versions/A/IconServices
0x00007fff28538000 	/System/Library/Frameworks/IOSurface.framework/Versions/A/IOSurface
0x00007fff263a7000 	/usr/lib/libDiagnosticMessagesClient.dylib
0x00007fff28bdd000 	/System/Library/PrivateFrameworks/DFRFoundation.framework/Versions/A/DFRFoundation
0x00007fff22482000 	/usr/lib/libicucore.A.dylib
0x00007fff2ce85000 	/System/Library/Frameworks/AudioToolbox.framework/Versions/A/AudioToolbox
0x00007fff2c12a000 	/System/Library/PrivateFrameworks/DataDetectorsCore.framework/Versions/A/DataDetectorsCore
0x00007fff288dd000 	/System/Library/Frameworks/Carbon.framework/Versions/A/Frameworks/HIToolbox.framework/Versions/A/HIToolbox
0x00007fff26e22000 	/System/Library/Frameworks/QuartzCore.framework/Versions/A/QuartzCore
0x00007fff2fea0000 	/System/Library/Frameworks/Carbon.framework/Versions/A/Frameworks/SpeechRecognition.framework/Versions/A/SpeechRecognition
0x00007fff2712f000 	/System/Library/PrivateFrameworks/CoreUI.framework/Versions/A/CoreUI
0x00007fff21a8b000 	/System/Library/Frameworks/CoreAudio.framework/Versions/A/CoreAudio
0x00007fff26492000 	/System/Library/Frameworks/DiskArbitration.framework/Versions/A/DiskArbitration
0x00007fff2bd3a000 	/System/Library/PrivateFrameworks/MultitouchSupport.framework/Versions/A/MultitouchSupport
0x00007fff2c121000 	/System/Library/PrivateFrameworks/InternationalSupport.framework/Versions/A/InternationalSupport
0x00007fff24a6a000 	/usr/lib/libenergytrace.dylib
0x00007fff22a50000 	/System/Library/Frameworks/IOKit.framework/Versions/A/IOKit
0x00007fff301ed000 	/System/Library/Frameworks/CoreServices.framework/Versions/A/CoreServices
0x00007fff2735d000 	/System/Library/PrivateFrameworks/PerformanceAnalysis.framework/Versions/A/PerformanceAnalysis
0x00007fff6cb63000 	/System/Library/Frameworks/OpenGL.framework/Versions/A/OpenGL
0x00007fff2c1a6000 	/System/Library/PrivateFrameworks/UserActivity.framework/Versions/A/UserActivity
0x00007fff25517000 	/System/Library/Frameworks/ColorSync.framework/Versions/A/ColorSync
0x00007fff28e5e000 	/System/Library/Frameworks/CoreImage.framework/Versions/A/CoreImage
0x00007fff218a2000 	/System/Library/Frameworks/CoreText.framework/Versions/A/CoreText
0x00007fff28c1f000 	/System/Library/Frameworks/ImageIO.framework/Versions/A/ImageIO
0x00007fff2a6a8000 	/System/Library/PrivateFrameworks/SoftLinking.framework/Versions/A/SoftLinking
0x00007fff27413000 	/usr/lib/libxml2.2.dylib
0x00007fff202a6000 	/usr/lib/libc++.1.dylib
0x00007fff2a91a000 	/usr/lib/libcompression.dylib
0x00007fff24a6b000 	/usr/lib/libMobileGestalt.dylib
0x00007fff2c054000 	/System/Library/PrivateFrameworks/TextureIO.framework/Versions/A/TextureIO
0x00007fff2b008000 	/usr/lib/libate.dylib
0x00007fff2a69c000 	/usr/lib/system/libcache.dylib
0x00007fff2a658000 	/usr/lib/system/libcommonCrypto.dylib
0x00007fff2a682000 	/usr/lib/system/libcompiler_rt.dylib
0x00007fff2a677000 	/usr/lib/system/libcopyfile.dylib
0x00007fff200ce000 	/usr/lib/system/libcorecrypto.dylib
0x00007fff2019b000 	/usr/lib/system/libdispatch.dylib
0x00007fff20350000 	/usr/lib/system/libdyld.dylib
0x00007fff2a693000 	/usr/lib/system/libkeymgr.dylib
0x00007fff2dc37000 	/usr/lib/system/liblaunch.dylib
0x00007fff2a636000 	/usr/lib/system/libmacho.dylib
0x00007fff29e4b000 	/usr/lib/system/libquarantine.dylib
0x00007fff2a690000 	/usr/lib/system/libremovefile.dylib
0x00007fff24ac7000 	/usr/lib/system/libsystem_asl.dylib
0x00007fff2007e000 	/usr/lib/system/libsystem_blocks.dylib
0x00007fff2021d000 	/usr/lib/system/libsystem_c.dylib
0x00007fff2a68a000 	/usr/lib/system/libsystem_collections.dylib
0x00007fff29238000 	/usr/lib/system/libsystem_configuration.dylib
0x00007fff28527000 	/usr/lib/system/libsystem_containermanager.dylib
0x00007fff2a3ce000 	/usr/lib/system/libsystem_coreservices.dylib
0x00007fff226e4000 	/usr/lib/system/libsystem_darwin.dylib
0x00007fff2a694000 	/usr/lib/system/libsystem_dnssd.dylib
0x00007fff2021a000 	/usr/lib/system/libsystem_featureflags.dylib
0x00007fff20395000 	/usr/lib/system/libsystem_info.dylib
0x00007fff2a5e9000 	/usr/lib/system/libsystem_m.dylib
0x00007fff2016e000 	/usr/lib/system/libsystem_malloc.dylib
0x00007fff24a5b000 	/usr/lib/system/libsystem_networkextension.dylib
0x00007fff22aff000 	/usr/lib/system/libsystem_notify.dylib
0x00007fff300eb000 	/usr/lib/system/libsystem_product_info_filter.dylib
0x00007fff2923c000 	/usr/lib/system/libsystem_sandbox.dylib
0x00007fff2a68d000 	/usr/lib/system/libsystem_secinit.dylib
0x00007fff20315000 	/usr/lib/system/libsystem_kernel.dylib
0x00007fff2038b000 	/usr/lib/system/libsystem_platform.dylib
0x00007fff20344000 	/usr/lib/system/libsystem_pthread.dylib
0x00007fff261f5000 	/usr/lib/system/libsystem_symptoms.dylib
0x00007fff200b6000 	/usr/lib/system/libsystem_trace.dylib
0x00007fff2a664000 	/usr/lib/system/libunwind.dylib
0x00007fff20080000 	/usr/lib/system/libxpc.dylib
0x00007fff202fc000 	/usr/lib/libc++abi.dylib
0x00007fff2a66f000 	/usr/lib/liboah.dylib
0x00007fff2ad33000 	/usr/lib/liblzma.5.dylib
0x00007fff20db7000 	/System/Library/Frameworks/SystemConfiguration.framework/Versions/A/SystemConfiguration
0x00007fff2a6a4000 	/usr/lib/libfakelink.dylib
0x00007fff245bd000 	/System/Library/Frameworks/CFNetwork.framework/Versions/A/CFNetwork
0x00007fff2a7e4000 	/usr/lib/libarchive.2.dylib
0x00007fff20e35000 	/usr/lib/libCRFSuite.dylib
0x00007fff29e72000 	/usr/lib/libbsm.0.dylib
0x00007fff23f79000 	/usr/lib/libnetwork.dylib
0x00007fff2a6a9000 	/usr/lib/libpcap.A.dylib
0x00007fff261ee000 	/usr/lib/libdns_services.dylib
0x00007fff2ad4c000 	/usr/lib/libcoretls_cfhelpers.dylib
0x00007fff2a8e8000 	/usr/lib/libapple_nghttp2.dylib
0x00007fff2a63c000 	/usr/lib/system/libkxld.dylib
0x00007fff25e5c000 	/usr/lib/libsqlite3.dylib
0x00007fff2a3b0000 	/System/Library/PrivateFrameworks/AppleFSCompression.framework/Versions/A/AppleFSCompression
0x00007fff29e5a000 	/usr/lib/libcoretls.dylib
0x00007fff2a915000 	/usr/lib/libpam.2.dylib
0x00007fff2ae49000 	/usr/lib/libxar.1.dylib
0x00007fff29243000 	/System/Library/PrivateFrameworks/AppleSystemInfo.framework/Versions/A/AppleSystemInfo
0x00007fff29a9d000 	/System/Library/PrivateFrameworks/IOMobileFramebuffer.framework/Versions/A/IOMobileFramebuffer
0x00007fff2a3c0000 	/usr/lib/libbz2.1.0.dylib
0x00007fff2a6e1000 	/usr/lib/libiconv.2.dylib
0x00007fff2a635000 	/usr/lib/libcharset.1.dylib
0x00007fff27399000 	/System/Library/Frameworks/CoreServices.framework/Versions/A/Frameworks/FSEvents.framework/Versions/A/FSEvents
0x00007fff226ee000 	/System/Library/Frameworks/CoreServices.framework/Versions/A/Frameworks/CarbonCore.framework/Versions/A/CarbonCore
0x00007fff263f7000 	/System/Library/Frameworks/CoreServices.framework/Versions/A/Frameworks/Metadata.framework/Versions/A/Metadata
0x00007fff2a3d3000 	/System/Library/Frameworks/CoreServices.framework/Versions/A/Frameworks/OSServices.framework/Versions/A/OSServices
0x00007fff2a856000 	/System/Library/Frameworks/CoreServices.framework/Versions/A/Frameworks/SearchKit.framework/Versions/A/SearchKit
0x00007fff26178000 	/System/Library/Frameworks/CoreServices.framework/Versions/A/Frameworks/AE.framework/Versions/A/AE
0x00007fff2085d000 	/System/Library/Frameworks/CoreServices.framework/Versions/A/Frameworks/LaunchServices.framework/Versions/A/LaunchServices
0x00007fff2ace4000 	/System/Library/Frameworks/CoreServices.framework/Versions/A/Frameworks/DictionaryServices.framework/Versions/A/DictionaryServices
0x00007fff273a2000 	/System/Library/Frameworks/CoreServices.framework/Versions/A/Frameworks/SharedFileList.framework/Versions/A/SharedFileList
0x00007fff29e4e000 	/usr/lib/libCheckFix.dylib
0x00007fff24ade000 	/System/Library/PrivateFrameworks/TCC.framework/Versions/A/TCC
0x00007fff29249000 	/System/Library/PrivateFrameworks/CoreNLP.framework/Versions/A/CoreNLP
0x00007fff263aa000 	/System/Library/PrivateFrameworks/MetadataUtilities.framework/Versions/A/MetadataUtilities
0x00007fff20e6b000 	/usr/lib/libmecabra.dylib
0x00007fff2a162000 	/System/Library/Frameworks/MLCompute.framework/Versions/A/MLCompute
0x00007fff29e83000 	/usr/lib/libmecab.dylib
0x00007fff29ecd000 	/usr/lib/libgermantok.dylib
0x00007fff2a8be000 	/usr/lib/libThaiTokenizer.dylib
0x00007fff2ae84000 	/usr/lib/libChineseTokenizer.dylib
0x00007fff2a913000 	/System/Library/Frameworks/MetalPerformanceShaders.framework/Versions/A/MetalPerformanceShaders
0x00007fff26499000 	/System/Library/Frameworks/Accelerate.framework/Versions/A/Frameworks/vImage.framework/Versions/A/vImage
0x00007fff301c6000 	/System/Library/Frameworks/Accelerate.framework/Versions/A/Frameworks/vecLib.framework/Versions/A/vecLib
0x00007fff2ae8f000 	/System/Library/Frameworks/Accelerate.framework/Versions/A/Frameworks/vecLib.framework/Versions/A/libvMisc.dylib
0x00007fff298f9000 	/System/Library/Frameworks/Accelerate.framework/Versions/A/Frameworks/vecLib.framework/Versions/A/libvDSP.dylib
0x00007fff20b61000 	/System/Library/Frameworks/Accelerate.framework/Versions/A/Frameworks/vecLib.framework/Versions/A/libBLAS.dylib
0x00007fff2a939000 	/System/Library/Frameworks/Accelerate.framework/Versions/A/Frameworks/vecLib.framework/Versions/A/libLAPACK.dylib
0x00007fff29ed3000 	/System/Library/Frameworks/Accelerate.framework/Versions/A/Frameworks/vecLib.framework/Versions/A/libLinearAlgebra.dylib
0x00007fff2a900000 	/System/Library/Frameworks/Accelerate.framework/Versions/A/Frameworks/vecLib.framework/Versions/A/libSparseBLAS.dylib
0x00007fff2a933000 	/System/Library/Frameworks/Accelerate.framework/Versions/A/Frameworks/vecLib.framework/Versions/A/libQuadrature.dylib
0x00007fff292f1000 	/System/Library/Frameworks/Accelerate.framework/Versions/A/Frameworks/vecLib.framework/Versions/A/libBNNS.dylib
0x00007fff20d48000 	/System/Library/Frameworks/Accelerate.framework/Versions/A/Frameworks/vecLib.framework/Versions/A/libSparse.dylib
0x00007fff291dc000 	/System/Library/Frameworks/MetalPerformanceShaders.framework/Versions/A/Frameworks/MPSCore.framework/Versions/A/MPSCore
0x00007fff2a31f000 	/System/Library/Frameworks/MetalPerformanceShaders.framework/Versions/A/Frameworks/MPSImage.framework/Versions/A/MPSImage
0x00007fff29eea000 	/System/Library/Frameworks/MetalPerformanceShaders.framework/Versions/A/Frameworks/MPSNeuralNetwork.framework/Versions/A/MPSNeuralNetwork
0x00007fff2a2aa000 	/System/Library/Frameworks/MetalPerformanceShaders.framework/Versions/A/Frameworks/MPSMatrix.framework/Versions/A/MPSMatrix
0x00007fff2a112000 	/System/Library/Frameworks/MetalPerformanceShaders.framework/Versions/A/Frameworks/MPSRayIntersector.framework/Versions/A/MPSRayIntersector
0x00007fff2a2e1000 	/System/Library/Frameworks/MetalPerformanceShaders.framework/Versions/A/Frameworks/MPSNDArray.framework/Versions/A/MPSNDArray
0x00007fff20a8d000 	/System/Library/PrivateFrameworks/MetalTools.framework/Versions/A/MetalTools
0x00007fff29241000 	/System/Library/PrivateFrameworks/AggregateDictionary.framework/Versions/A/AggregateDictionary
0x00007fff26382000 	/System/Library/PrivateFrameworks/CoreAnalytics.framework/Versions/A/CoreAnalytics
0x00007fff2a8c0000 	/System/Library/PrivateFrameworks/AppleSauce.framework/Versions/A/AppleSauce
0x00007fff2854a000 	/System/Library/PrivateFrameworks/IOAccelerator.framework/Versions/A/IOAccelerator
0x00007fff6cb57000 	/System/Library/Frameworks/OpenGL.framework/Versions/A/Libraries/libCoreFSCache.dylib
0x00007fff21407000 	/System/Library/PrivateFrameworks/LanguageModeling.framework/Versions/A/LanguageModeling
0x00007fff29a8a000 	/System/Library/PrivateFrameworks/CoreEmoji.framework/Versions/A/CoreEmoji
0x00007fff292ea000 	/System/Library/PrivateFrameworks/LinguisticData.framework/Versions/A/LinguisticData
0x00007fff20cfa000 	/System/Library/PrivateFrameworks/Lexicon.framework/Versions/A/Lexicon
0x00007fff2a7d2000 	/usr/lib/libcmph.dylib
0x00007fff27379000 	/System/Library/Frameworks/OpenDirectory.framework/Versions/A/Frameworks/CFOpenDirectory.framework/Versions/A/CFOpenDirectory
0x00007fff27369000 	/System/Library/Frameworks/OpenDirectory.framework/Versions/A/OpenDirectory
0x00007fff2ad4e000 	/System/Library/PrivateFrameworks/APFS.framework/Versions/A/APFS
0x00007fff29daf000 	/System/Library/Frameworks/SecurityFoundation.framework/Versions/A/SecurityFoundation
0x00007fff2ae57000 	/usr/lib/libutil.dylib
0x00007fff22a15000 	/System/Library/PrivateFrameworks/CoreServicesStore.framework/Versions/A/CoreServicesStore
0x00007fff29e46000 	/System/Library/Frameworks/ServiceManagement.framework/Versions/A/ServiceManagement
0x00007fff2ae5b000 	/usr/lib/libxslt.1.dylib
0x00007fff29e3c000 	/System/Library/PrivateFrameworks/BackgroundTaskManagement.framework/Versions/A/BackgroundTaskManagement
0x00007fff2bf9f000 	/System/Library/Frameworks/ImageIO.framework/Versions/A/Resources/libRadiance.dylib
0x00007fff2bfa8000 	/System/Library/Frameworks/ImageIO.framework/Versions/A/Resources/libJPEG.dylib
0x00007fff2bef4000 	/System/Library/Frameworks/ImageIO.framework/Versions/A/Resources/libPng.dylib
0x00007fff2bf1b000 	/System/Library/Frameworks/ImageIO.framework/Versions/A/Resources/libTIFF.dylib
0x00007fff2bffd000 	/System/Library/Frameworks/ImageIO.framework/Versions/A/Resources/libGIF.dylib
0x00007fff2bc58000 	/System/Library/Frameworks/ImageIO.framework/Versions/A/Resources/libJP2.dylib
0x00007fff2b342000 	/usr/lib/libexpat.1.dylib
0x00007fff2bc0d000 	/System/Library/PrivateFrameworks/AppleJPEG.framework/Versions/A/AppleJPEG
0x00007fff28780000 	/System/Library/PrivateFrameworks/FontServices.framework/libFontParser.dylib
0x00007fff2612c000 	/System/Library/PrivateFrameworks/RunningBoardServices.framework/Versions/A/RunningBoardServices
0x00007fff2bd36000 	/System/Library/PrivateFrameworks/WatchdogClient.framework/Versions/A/WatchdogClient
0x00007fff214f4000 	/System/Library/Frameworks/CoreDisplay.framework/Versions/A/CoreDisplay
0x00007fff28696000 	/System/Library/Frameworks/CoreMedia.framework/Versions/A/CoreMedia
0x00007fff274f6000 	/System/Library/Frameworks/CoreVideo.framework/Versions/A/CoreVideo
0x00007fff2bd6e000 	/System/Library/Frameworks/VideoToolbox.framework/Versions/A/VideoToolbox
0x00007fff260aa000 	/System/Library/PrivateFrameworks/BaseBoard.framework/Versions/A/BaseBoard
0x00007fff2b487000 	/System/Library/PrivateFrameworks/PersistentConnection.framework/Versions/A/PersistentConnection
0x00007fff25e45000 	/System/Library/PrivateFrameworks/ProtocolBuffer.framework/Versions/A/ProtocolBuffer
0x00007fff26091000 	/System/Library/PrivateFrameworks/CommonUtilities.framework/Versions/A/CommonUtilities
0x00007fff2bba2000 	/System/Library/PrivateFrameworks/Bom.framework/Versions/A/Bom
0x00007fff2bf98000 	/System/Library/PrivateFrameworks/GPUWrangler.framework/Versions/A/GPUWrangler
0x00007fff2bf7b000 	/System/Library/PrivateFrameworks/IOPresentment.framework/Versions/A/IOPresentment
0x00007fff2bfa2000 	/System/Library/PrivateFrameworks/DSExternalDisplay.framework/Versions/A/DSExternalDisplay
0x00007fff2c002000 	/System/Library/PrivateFrameworks/CMCaptureCore.framework/Versions/A/CMCaptureCore
0x00007fff2b927000 	/System/Library/PrivateFrameworks/AppServerSupport.framework/Versions/A/AppServerSupport
0x00007fff2d9d6000 	/System/Library/PrivateFrameworks/perfdata.framework/Versions/A/perfdata
0x00007fff29d9e000 	/System/Library/PrivateFrameworks/AssertionServices.framework/Versions/A/AssertionServices
0x00007fff2162b000 	/System/Library/PrivateFrameworks/AudioToolboxCore.framework/Versions/A/AudioToolboxCore
0x00007fff28679000 	/System/Library/PrivateFrameworks/caulk.framework/Versions/A/caulk
0x00007fff3d681000 	/System/Library/PrivateFrameworks/SystemPolicy.framework/Versions/A/SystemPolicy
0x00007fff2b137000 	/usr/lib/libIOReport.dylib
0x00007fff2d1f8000 	/usr/lib/libSMC.dylib
0x00007fff2bec1000 	/usr/lib/libAudioToolboxUtility.dylib
0x00007fff3dfeb000 	/usr/lib/libmis.dylib
0x00007fff6cbb3000 	/System/Library/Frameworks/OpenGL.framework/Versions/A/Libraries/libGLU.dylib
0x00007fff6cb76000 	/System/Library/Frameworks/OpenGL.framework/Versions/A/Libraries/libGFXShared.dylib
0x00007fff6cd85000 	/System/Library/Frameworks/OpenGL.framework/Versions/A/Libraries/libGL.dylib
0x00007fff6cb7f000 	/System/Library/Frameworks/OpenGL.framework/Versions/A/Libraries/libGLImage.dylib
0x00007fff6cb73000 	/System/Library/Frameworks/OpenGL.framework/Versions/A/Libraries/libCVMSPluginSupport.dylib
0x00007fff6cb5e000 	/System/Library/Frameworks/OpenGL.framework/Versions/A/Libraries/libCoreVMClient.dylib
0x00007fff6e1c6000 	/System/Library/Frameworks/OpenCL.framework/Versions/A/OpenCL
0x00007fff2b4b1000 	/System/Library/PrivateFrameworks/GraphVisualizer.framework/Versions/A/GraphVisualizer
0x00007fff2b4c0000 	/System/Library/PrivateFrameworks/FaceCore.framework/Versions/A/FaceCore
0x00007fff2b8dc000 	/System/Library/PrivateFrameworks/OTSVG.framework/Versions/A/OTSVG
0x00007fff270ed000 	/System/Library/Frameworks/ApplicationServices.framework/Versions/A/Frameworks/ATS.framework/Versions/A/Resources/libFontRegistry.dylib
0x00007fff2b92e000 	/System/Library/PrivateFrameworks/FontServices.framework/libhvf.dylib
0x00007fff2b2ee000 	/System/Library/PrivateFrameworks/AppleVA.framework/Versions/A/AppleVA
0x00007fff2d041000 	/System/Library/Frameworks/ApplicationServices.framework/Versions/A/Frameworks/ATS.framework/Versions/A/ATS
0x00007fff2d353000 	/System/Library/Frameworks/ApplicationServices.framework/Versions/A/Frameworks/ColorSyncLegacy.framework/Versions/A/ColorSyncLegacy
0x00007fff2560e000 	/System/Library/Frameworks/ApplicationServices.framework/Versions/A/Frameworks/HIServices.framework/Versions/A/HIServices
0x00007fff2d338000 	/System/Library/Frameworks/ApplicationServices.framework/Versions/A/Frameworks/LangAnalysis.framework/Versions/A/LangAnalysis
0x00007fff2c00c000 	/System/Library/Frameworks/ApplicationServices.framework/Versions/A/Frameworks/PrintCore.framework/Versions/A/PrintCore
0x00007fff2d35b000 	/System/Library/Frameworks/ApplicationServices.framework/Versions/A/Frameworks/QD.framework/Versions/A/QD
0x00007fff2d031000 	/System/Library/Frameworks/ApplicationServices.framework/Versions/A/Frameworks/SpeechSynthesis.framework/Versions/A/SpeechSynthesis
0x00007fff2bfcd000 	/System/Library/Frameworks/ApplicationServices.framework/Versions/A/Frameworks/ATSUI.framework/Versions/A/ATSUI
0x00007fff2d2d8000 	/usr/lib/libcups.2.dylib
0x00007fff2d348000 	/System/Library/PrivateFrameworks/NetAuth.framework/Versions/A/NetAuth
0x00007fff2d9f2000 	/System/Library/Frameworks/Kerberos.framework/Versions/A/Kerberos
0x00007fff2da02000 	/System/Library/Frameworks/GSS.framework/Versions/A/GSS
0x00007fff2d0ad000 	/usr/lib/libresolv.9.dylib
0x00007fff2b943000 	/System/Library/PrivateFrameworks/Heimdal.framework/Versions/A/Heimdal
0x00007fff33786000 	/System/Library/Frameworks/Kerberos.framework/Versions/A/Libraries/libHeimdalProxy.dylib
0x00007fff261fd000 	/System/Library/Frameworks/Network.framework/Versions/A/Network
0x00007fff2b35c000 	/usr/lib/libheimdal-asn1.dylib
0x00007fff2da52000 	/System/Library/PrivateFrameworks/CommonAuth.framework/Versions/A/CommonAuth
0x00007fff27543000 	/System/Library/PrivateFrameworks/login.framework/Versions/A/Frameworks/loginsupport.framework/Versions/A/loginsupport
0x00007fff2cfb6000 	/System/Library/PrivateFrameworks/AudioSession.framework/Versions/A/AudioSession
0x00007fff2d01e000 	/usr/lib/libAudioStatistics.dylib
0x00007fff2b3e9000 	/System/Library/PrivateFrameworks/MediaExperience.framework/Versions/A/MediaExperience
0x00007fff2ce53000 	/System/Library/PrivateFrameworks/AudioSession.framework/libSessionUtility.dylib
0x00007fff2d9e3000 	/usr/lib/libperfcheck.dylib
0x00007fff2d367000 	/System/Library/PrivateFrameworks/AudioResourceArbitration.framework/Versions/A/AudioResourceArbitration
0x00007fff2b366000 	/System/Library/PrivateFrameworks/IconFoundation.framework/Versions/A/IconFoundation
0x00007fff2fe90000 	/System/Library/PrivateFrameworks/SpeechRecognitionCore.framework/Versions/A/SpeechRecognitionCore
0x00007fff5df8d000 	/System/Library/CoreServices/Encodings/libKoreanConverter.dylib
0x0000000111800000 	/Library/Java/JavaVirtualMachines/zulu-8.jdk/Contents/Home/jre/lib/server/libjvm.dylib
0x00007fff78a9f000 	/usr/lib/libstdc++.6.dylib
0x000000010d1d8000 	/Library/Java/JavaVirtualMachines/zulu-8.jdk/Contents/Home/jre/lib/libverify.dylib
0x000000010d1f8000 	/Library/Java/JavaVirtualMachines/zulu-8.jdk/Contents/Home/jre/lib/libjava.dylib
0x000000010d288000 	/Library/Java/JavaVirtualMachines/zulu-8.jdk/Contents/Home/jre/lib/libinstrument.dylib
0x000000010d331000 	/Library/Java/JavaVirtualMachines/zulu-8.jdk/Contents/Home/jre/lib/libzip.dylib
0x000000012e218000 	/Library/Java/JavaVirtualMachines/zulu-8.jdk/Contents/Home/jre/lib/libnet.dylib

VM Arguments:
jvm_args: -javaagent:/Applications/IntelliJ IDEA.app/Contents/lib/idea_rt.jar=52173:/Applications/IntelliJ IDEA.app/Contents/bin -Dfile.encoding=UTF-8 
java_command: etc.Prob1629_곱셈
java_class_path (initial): /Library/Java/JavaVirtualMachines/zulu-8.jdk/Contents/Home/jre/lib/charsets.jar:/Library/Java/JavaVirtualMachines/zulu-8.jdk/Contents/Home/jre/lib/ext/cldrdata.jar:/Library/Java/JavaVirtualMachines/zulu-8.jdk/Contents/Home/jre/lib/ext/dnsns.jar:/Library/Java/JavaVirtualMachines/zulu-8.jdk/Contents/Home/jre/lib/ext/jaccess.jar:/Library/Java/JavaVirtualMachines/zulu-8.jdk/Contents/Home/jre/lib/ext/localedata.jar:/Library/Java/JavaVirtualMachines/zulu-8.jdk/Contents/Home/jre/lib/ext/nashorn.jar:/Library/Java/JavaVirtualMachines/zulu-8.jdk/Contents/Home/jre/lib/ext/sunec.jar:/Library/Java/JavaVirtualMachines/zulu-8.jdk/Contents/Home/jre/lib/ext/sunjce_provider.jar:/Library/Java/JavaVirtualMachines/zulu-8.jdk/Contents/Home/jre/lib/ext/sunpkcs11.jar:/Library/Java/JavaVirtualMachines/zulu-8.jdk/Contents/Home/jre/lib/ext/zipfs.jar:/Library/Java/JavaVirtualMachines/zulu-8.jdk/Contents/Home/jre/lib/jce.jar:/Library/Java/JavaVirtualMachines/zulu-8.jdk/Contents/Home/jre/lib/jsse.jar:/Library/Java/JavaVirtualMachines/zulu-8.jdk/Contents/Home/jre/lib/management-agent.jar:/Library/Java/JavaVirtualMachines/zulu-8.jdk/Contents/Home/jre/lib/resources.jar:/Library/Java/JavaVirtualMachines/zulu-8.jdk/Contents/Home/jre/lib/rt.jar:/Library/Java/JavaVirtualMachines/zulu-8.jdk/Contents/Home/lib/dt.jar:/Library/Java/JavaVirtualMachines/zulu-8.jdk/Contents/Home/lib/jconsole.jar:/Library/Java/JavaVirtualMachines/zulu-8.jdk/Contents/Home/lib/sa-jdi.jar:/Library/Java/JavaVirtualMachines/zulu-8.jdk/Contents/Home/lib/tools.jar:/Users/ijuwon/SSAFY/work_java/coding-test/BOJ/out/production/BOJ:/Applications/IntelliJ IDEA.app/Contents/lib/idea_rt.jar
Launcher Type: SUN_STANDARD

Environment Variables:
PATH=/usr/local/mysql/bin:/opt/homebrew/bin:/usr/local/bin:/usr/bin:/bin:/usr/sbin:/sbin
SHELL=/bin/zsh

Signal Handlers:
SIGSEGV: [libjvm.dylib+0x585151], sa_mask[0]=11111111111111111111111111111111, sa_flags=SA_ONSTACK|SA_RESTART|SA_SIGINFO
SIGBUS: [libjvm.dylib+0x585151], sa_mask[0]=11111111111111111111111111111111, sa_flags=SA_RESTART|SA_SIGINFO
SIGFPE: [libjvm.dylib+0x45e538], sa_mask[0]=11111111111111111111111111111111, sa_flags=SA_RESTART|SA_SIGINFO
SIGPIPE: [libjvm.dylib+0x45e538], sa_mask[0]=11111111111111111111111111111111, sa_flags=SA_RESTART|SA_SIGINFO
SIGXFSZ: [libjvm.dylib+0x45e538], sa_mask[0]=11111111111111111111111111111111, sa_flags=SA_RESTART|SA_SIGINFO
SIGILL: [libjvm.dylib+0x45e538], sa_mask[0]=11111111111111111111111111111111, sa_flags=SA_RESTART|SA_SIGINFO
SIGUSR1: SIG_DFL, sa_mask[0]=00000000000000000000000000000000, sa_flags=none
SIGUSR2: [libjvm.dylib+0x45e056], sa_mask[0]=00100000000000000000000000000000, sa_flags=SA_RESTART|SA_SIGINFO
SIGHUP: [libjvm.dylib+0x45c5e1], sa_mask[0]=11111111111111111111111111111111, sa_flags=SA_RESTART|SA_SIGINFO
SIGINT: [libjvm.dylib+0x45c5e1], sa_mask[0]=11111111111111111111111111111111, sa_flags=SA_RESTART|SA_SIGINFO
SIGTERM: [libjvm.dylib+0x45c5e1], sa_mask[0]=11111111111111111111111111111111, sa_flags=SA_RESTART|SA_SIGINFO
SIGQUIT: [libjvm.dylib+0x45c5e1], sa_mask[0]=11111111111111111111111111111111, sa_flags=SA_RESTART|SA_SIGINFO


---------------  S Y S T E M  ---------------

OS:Bsduname:Darwin 20.3.0 Darwin Kernel Version 20.3.0: Thu Jan 21 00:06:51 PST 2021; root:xnu-7195.81.3~1/RELEASE_ARM64_T8101 x86_64
rlimit: STACK 8176k, CORE 0k, NPROC 2666, NOFILE 10240, AS infinity
load average:2.64 2.44 2.08

CPU:total 8 (initial active 8) (1 cores per cpu, 1 threads per core) family 6 model 44 stepping 0, cmov, cx8, fxsr, mmx, sse, sse2, sse3, ssse3, sse4.1, sse4.2, popcnt, aes, clmul, tsc, tscinvbit, tscinv

Memory: 4k page, physical 16777216k(63376k free)

/proc/meminfo:


vm_info: OpenJDK 64-Bit Server VM (25.192-b01) for bsd-amd64 JRE (1.8.0_192-b01), built on Oct 17 2018 08:23:07 by "zulu_re" with gcc 4.2.1 (Based on Apple Inc. build 5658) (LLVM build 2336.11.00)

time: Fri Apr 16 17:43:40 2021
timezone: KST
elapsed time: 2 seconds (0d 0h 0m 2s)

